c:\users\choi\source\repos\cpp_study\tetris\x64\debug\tetris.pch
c:\users\choi\source\repos\cpp_study\tetris\x64\debug\vc142.pdb
c:\users\choi\source\repos\cpp_study\tetris\x64\debug\vc142.idb
c:\users\choi\source\repos\cpp_study\tetris\x64\debug\block.obj
c:\users\choi\source\repos\cpp_study\tetris\x64\debug\board.obj
c:\users\choi\source\repos\cpp_study\tetris\x64\debug\consolehelper.obj
c:\users\choi\source\repos\cpp_study\tetris\x64\debug\game.obj
c:\users\choi\source\repos\cpp_study\tetris\x64\debug\key.obj
c:\users\choi\source\repos\cpp_study\tetris\x64\debug\main.obj
c:\users\choi\source\repos\cpp_study\tetris\x64\debug\information.obj
c:\users\choi\source\repos\cpp_study\tetris\x64\debug\mainmenu.obj
c:\users\choi\source\repos\cpp_study\tetris\x64\debug\time.obj
c:\users\choi\source\repos\cpp_study\tetris\x64\debug\vc143.pdb
c:\users\choi\source\repos\cpp_study\tetris\x64\debug\vc143.idb
c:\users\choi\source\repos\cpp_study\tetris\x64\debug\pch.obj
c:\users\choi\source\repos\cpp_study\x64\debug\tetris.exe
c:\users\choi\source\repos\cpp_study\tetris\x64\debug\tetris.ilk
c:\users\choi\source\repos\cpp_study\x64\debug\tetris.pdb
c:\users\choi\source\repos\cpp_study\tetris\x64\debug\tetris.tlog\cl.command.1.tlog
c:\users\choi\source\repos\cpp_study\tetris\x64\debug\tetris.tlog\cl.read.1.tlog
c:\users\choi\source\repos\cpp_study\tetris\x64\debug\tetris.tlog\cl.write.1.tlog
c:\users\choi\source\repos\cpp_study\tetris\x64\debug\tetris.tlog\link.command.1.tlog
c:\users\choi\source\repos\cpp_study\tetris\x64\debug\tetris.tlog\link.read.1.tlog
c:\users\choi\source\repos\cpp_study\tetris\x64\debug\tetris.tlog\link.write.1.tlog
